<?xml version="1.0" encoding="UTF-8"?>
<testng-results ignored="0" total="4" passed="4" failed="0" skipped="0">
  <reporter-output>
  </reporter-output>
  <suite started-at="2022-03-22T11:06:24Z" name="TestcasesDemo" finished-at="2022-03-22T11:06:43Z" duration-ms="18738">
    <groups>
    </groups>
    <test started-at="2022-03-22T11:06:24Z" name="WikiPage" finished-at="2022-03-22T11:06:27Z" duration-ms="3602">
      <class name="mypackage.TestCase1">
        <test-method signature="method1()[pri:0, instance:mypackage.TestCase1@d23e042]" started-at="2022-03-22T11:06:24Z" name="method1" finished-at="2022-03-22T11:06:27Z" duration-ms="3581" status="PASS">
          <reporter-output>
          </reporter-output>
        </test-method> <!-- method1 -->
      </class> <!-- mypackage.TestCase1 -->
    </test> <!-- WikiPage -->
    <test started-at="2022-03-22T11:06:27Z" name="Wikititle" finished-at="2022-03-22T11:06:37Z" duration-ms="9564">
      <class name="mypackage.TestCase2">
        <test-method signature="testmethod1()[pri:49, instance:mypackage.TestCase2@2f67a4d3]" started-at="2022-03-22T11:06:27Z" name="testmethod1" finished-at="2022-03-22T11:06:30Z" duration-ms="2694" status="PASS">
          <reporter-output>
          </reporter-output>
        </test-method> <!-- testmethod1 -->
        <test-method signature="testmethod2()[pri:50, instance:mypackage.TestCase2@2f67a4d3]" started-at="2022-03-22T11:06:30Z" name="testmethod2" finished-at="2022-03-22T11:06:37Z" duration-ms="6868" status="PASS">
          <reporter-output>
          </reporter-output>
        </test-method> <!-- testmethod2 -->
      </class> <!-- mypackage.TestCase2 -->
    </test> <!-- Wikititle -->
    <test started-at="2022-03-22T11:06:37Z" name="Wikinavigate" finished-at="2022-03-22T11:06:43Z" duration-ms="5513">
      <class name="mypackage.TestCase4">
        <test-method signature="method1()[pri:0, instance:mypackage.TestCase4@730d2164]" started-at="2022-03-22T11:06:37Z" name="method1" finished-at="2022-03-22T11:06:42Z" duration-ms="5170" status="PASS">
          <reporter-output>
          </reporter-output>
        </test-method> <!-- method1 -->
        <test-method is-config="true" signature="closeBrowser()[pri:0, instance:mypackage.TestCase4@730d2164]" started-at="2022-03-22T11:06:42Z" name="closeBrowser" finished-at="2022-03-22T11:06:43Z" duration-ms="342" status="PASS">
          <reporter-output>
          </reporter-output>
        </test-method> <!-- closeBrowser -->
      </class> <!-- mypackage.TestCase4 -->
    </test> <!-- Wikinavigate -->
  </suite> <!-- TestcasesDemo -->
</testng-results>
