<?xml version="1.0" encoding="UTF-8"?>
<testng-results ignored="0" total="4" passed="4" failed="0" skipped="0">
  <reporter-output>
  </reporter-output>
  <suite started-at="2022-03-22T11:01:18Z" name="TestcasesDemo" finished-at="2022-03-22T11:01:40Z" duration-ms="22106">
    <groups>
    </groups>
    <test started-at="2022-03-22T11:01:18Z" name="WikiPage" finished-at="2022-03-22T11:01:22Z" duration-ms="3424">
      <class name="mypackage.TestCase1">
        <test-method signature="method1()[pri:0, instance:mypackage.TestCase1@7d94beb9]" started-at="2022-03-22T11:01:18Z" name="method1" finished-at="2022-03-22T11:01:22Z" duration-ms="3403" status="PASS">
          <reporter-output>
          </reporter-output>
        </test-method> <!-- method1 -->
      </class> <!-- mypackage.TestCase1 -->
    </test> <!-- WikiPage -->
    <test started-at="2022-03-22T11:01:22Z" name="Wikititle" finished-at="2022-03-22T11:01:31Z" duration-ms="9340">
      <class name="mypackage.TestCase2">
        <test-method signature="testmethod1()[pri:49, instance:mypackage.TestCase2@20d7d6fb]" started-at="2022-03-22T11:01:22Z" name="testmethod1" finished-at="2022-03-22T11:01:24Z" duration-ms="2637" status="PASS">
          <reporter-output>
          </reporter-output>
        </test-method> <!-- testmethod1 -->
        <test-method signature="testmethod2()[pri:50, instance:mypackage.TestCase2@20d7d6fb]" started-at="2022-03-22T11:01:24Z" name="testmethod2" finished-at="2022-03-22T11:01:31Z" duration-ms="6696" status="PASS">
          <reporter-output>
          </reporter-output>
        </test-method> <!-- testmethod2 -->
      </class> <!-- mypackage.TestCase2 -->
    </test> <!-- Wikititle -->
    <test started-at="2022-03-22T11:01:31Z" name="Wikinavigate" finished-at="2022-03-22T11:01:40Z" duration-ms="9217">
      <class name="mypackage.TestCase4">
        <test-method signature="method1()[pri:0, instance:mypackage.TestCase4@28b46423]" started-at="2022-03-22T11:01:31Z" name="method1" finished-at="2022-03-22T11:01:36Z" duration-ms="4852" status="PASS">
          <reporter-output>
          </reporter-output>
        </test-method> <!-- method1 -->
        <test-method is-config="true" signature="closeBrowser()[pri:0, instance:mypackage.TestCase4@28b46423]" started-at="2022-03-22T11:01:36Z" name="closeBrowser" finished-at="2022-03-22T11:01:40Z" duration-ms="4364" status="PASS">
          <reporter-output>
          </reporter-output>
        </test-method> <!-- closeBrowser -->
      </class> <!-- mypackage.TestCase4 -->
    </test> <!-- Wikinavigate -->
  </suite> <!-- TestcasesDemo -->
</testng-results>
